Determining if the pthread_create exist failed with the following output:
Change Dir: /home/workspace/robot/scripts/CMakeFiles/CMakeTmp

Run Build Command:"/usr/bin/make" "cmTC_1c91d/fast"
/usr/bin/make -f CMakeFiles/cmTC_1c91d.dir/build.make CMakeFiles/cmTC_1c91d.dir/build
make[1]: Entering directory '/home/workspace/robot/scripts/CMakeFiles/CMakeTmp'
Building C object CMakeFiles/cmTC_1c91d.dir/CheckSymbolExists.c.o
/usr/bin/cc     -o CMakeFiles/cmTC_1c91d.dir/CheckSymbolExists.c.o   -c /home/workspace/robot/scripts/CMakeFiles/CMakeTmp/CheckSymbolExists.c
Linking C executable cmTC_1c91d
/usr/bin/cmake -E cmake_link_script CMakeFiles/cmTC_1c91d.dir/link.txt --verbose=1
/usr/bin/cc       CMakeFiles/cmTC_1c91d.dir/CheckSymbolExists.c.o  -o cmTC_1c91d -rdynamic 
CMakeFiles/cmTC_1c91d.dir/CheckSymbolExists.c.o: In function `main':
CheckSymbolExists.c:(.text+0x16): undefined reference to `pthread_create'
collect2: error: ld returned 1 exit status
CMakeFiles/cmTC_1c91d.dir/build.make:97: recipe for target 'cmTC_1c91d' failed
make[1]: *** [cmTC_1c91d] Error 1
make[1]: Leaving directory '/home/workspace/robot/scripts/CMakeFiles/CMakeTmp'
Makefile:126: recipe for target 'cmTC_1c91d/fast' failed
make: *** [cmTC_1c91d/fast] Error 2

File /home/workspace/robot/scripts/CMakeFiles/CMakeTmp/CheckSymbolExists.c:
/* */
#include <pthread.h>

int main(int argc, char** argv)
{
  (void)argv;
#ifndef pthread_create
  return ((int*)(&pthread_create))[argc];
#else
  (void)argc;
  return 0;
#endif
}

Determining if the function pthread_create exists in the pthreads failed with the following output:
Change Dir: /home/workspace/robot/scripts/CMakeFiles/CMakeTmp

Run Build Command:"/usr/bin/make" "cmTC_459f7/fast"
/usr/bin/make -f CMakeFiles/cmTC_459f7.dir/build.make CMakeFiles/cmTC_459f7.dir/build
make[1]: Entering directory '/home/workspace/robot/scripts/CMakeFiles/CMakeTmp'
Building C object CMakeFiles/cmTC_459f7.dir/CheckFunctionExists.c.o
/usr/bin/cc    -DCHECK_FUNCTION_EXISTS=pthread_create   -o CMakeFiles/cmTC_459f7.dir/CheckFunctionExists.c.o   -c /usr/share/cmake-3.5/Modules/CheckFunctionExists.c
Linking C executable cmTC_459f7
/usr/bin/cmake -E cmake_link_script CMakeFiles/cmTC_459f7.dir/link.txt --verbose=1
/usr/bin/cc   -DCHECK_FUNCTION_EXISTS=pthread_create    CMakeFiles/cmTC_459f7.dir/CheckFunctionExists.c.o  -o cmTC_459f7 -rdynamic -lpthreads 
/usr/bin/ld: cannot find -lpthreads
collect2: error: ld returned 1 exit status
CMakeFiles/cmTC_459f7.dir/build.make:97: recipe for target 'cmTC_459f7' failed
make[1]: *** [cmTC_459f7] Error 1
make[1]: Leaving directory '/home/workspace/robot/scripts/CMakeFiles/CMakeTmp'
Makefile:126: recipe for target 'cmTC_459f7/fast' failed
make: *** [cmTC_459f7/fast] Error 2


